This is pdfTeX, Version 3.141592653-2.6-1.40.24 (MiKTeX 22.3) (preloaded format=pdflatex 2022.3.20)  24 MAY 2022 22:09
entering extended mode
 restricted \write18 enabled.
 file:line:error style messages enabled.
 %&-line parsing enabled.
**c:/Users/marti/Documents/School/2021_22/DBI/DBI_Matura_2022/index.tex
(c:/Users/marti/Documents/School/2021_22/DBI/DBI_Matura_2022/index.tex
LaTeX2e <2021-11-15> patch level 1
L3 programming layer <2022-02-24> (C:\Users\marti\AppData\Local\Programs\MiKTeX\tex/latex/koma-script\scrbook.cls
Document Class: scrbook 2021/11/13 v3.35 KOMA-Script document class (book)
(C:\Users\marti\AppData\Local\Programs\MiKTeX\tex/latex/koma-script\scrkbase.sty
Package: scrkbase 2021/11/13 v3.35 KOMA-Script package (KOMA-Script-dependent basics and keyval usage)
 (C:\Users\marti\AppData\Local\Programs\MiKTeX\tex/latex/koma-script\scrbase.sty
Package: scrbase 2021/11/13 v3.35 KOMA-Script package (KOMA-Script-independent basics and keyval usage)
 (C:\Users\marti\AppData\Local\Programs\MiKTeX\tex/latex/koma-script\scrlfile.sty
Package: scrlfile 2021/11/13 v3.35 KOMA-Script package (file load hooks)
 (C:\Users\marti\AppData\Local\Programs\MiKTeX\tex/latex/koma-script\scrlfile-hook.sty
Package: scrlfile-hook 2021/11/13 v3.35 KOMA-Script package (using LaTeX hooks)
 (C:\Users\marti\AppData\Local\Programs\MiKTeX\tex/latex/koma-script\scrlogo.sty
Package: scrlogo 2021/11/13 v3.35 KOMA-Script package (logo)
))) (C:\Users\marti\AppData\Local\Programs\MiKTeX\tex/latex/graphics\keyval.sty
Package: keyval 2014/10/28 v1.15 key=value parser (DPC)
\KV@toks@=\toks16
)
Applying: [2021/05/01] Usage of raw or classic option list on input line 252.
Already applied: [0000/00/00] Usage of raw or classic option list on input line 368.
)) (C:\Users\marti\AppData\Local\Programs\MiKTeX\tex/latex/koma-script\tocbasic.sty
Package: tocbasic 2021/11/13 v3.35 KOMA-Script package (handling toc-files)
\scr@dte@tocline@numberwidth=\skip47
\scr@dte@tocline@numbox=\box50
)
Package tocbasic Info: babel extension for `toc' omitted
(tocbasic)             because of missing \bbl@set@language on input line 137.
Class scrbook Info: File `scrsize11pt.clo' used instead of
(scrbook)           file `scrsize11.clo' to setup font sizes on input line 2490.
 (C:\Users\marti\AppData\Local\Programs\MiKTeX\tex/latex/koma-script\scrsize11pt.clo
File: scrsize11pt.clo 2021/11/13 v3.35 KOMA-Script font size class option (11pt)
) (C:\Users\marti\AppData\Local\Programs\MiKTeX\tex/latex/koma-script\typearea.sty
Package: typearea 2021/11/13 v3.35 KOMA-Script package (type area)
\ta@bcor=\skip48
\ta@div=\count185
\ta@hblk=\skip49
\ta@vblk=\skip50
\ta@temp=\skip51
\footheight=\skip52
Package typearea Info: These are the values describing the layout:
(typearea)             DIV  = 10
(typearea)             BCOR = 0.0pt
(typearea)             \paperwidth      = 597.50793pt
(typearea)              \textwidth      = 418.25555pt
(typearea)              DIV departure   = -6%
(typearea)              \evensidemargin = 47.2316pt
(typearea)              \oddsidemargin  = -12.5192pt
(typearea)             \paperheight     = 845.04694pt
(typearea)              \textheight     = 595.80026pt
(typearea)              \topmargin      = -25.16531pt
(typearea)              \headheight     = 17.0pt
(typearea)              \headsep        = 20.40001pt
(typearea)              \topskip        = 11.0pt
(typearea)              \footskip       = 47.6pt
(typearea)              \baselineskip   = 13.6pt
(typearea)              on input line 1743.
)
\c@part=\count186
\c@chapter=\count187
\c@section=\count188
\c@subsection=\count189
\c@subsubsection=\count190
\c@paragraph=\count191
\c@subparagraph=\count192
\scr@dte@chapter@maxnumwidth=\skip53
Class scrbook Info: using compatibility default `afterindent=bysign'
(scrbook)           for `\chapter on input line 5715.
\scr@dte@section@maxnumwidth=\skip54
Class scrbook Info: using compatibility default `runin=bysign'
(scrbook)           for `\section on input line 5726.
Class scrbook Info: using compatibility default `afterindent=bysign'
(scrbook)           for `\section on input line 5726.
\scr@dte@part@maxnumwidth=\skip55
Class scrbook Info: using compatibility default `afterindent=true'
(scrbook)           for `\part on input line 5735.
\scr@dte@subsection@maxnumwidth=\skip56
Class scrbook Info: using compatibility default `runin=bysign'
(scrbook)           for `\subsection on input line 5745.
Class scrbook Info: using compatibility default `afterindent=bysign'
(scrbook)           for `\subsection on input line 5745.
\scr@dte@subsubsection@maxnumwidth=\skip57
Class scrbook Info: using compatibility default `runin=bysign'
(scrbook)           for `\subsubsection on input line 5755.
Class scrbook Info: using compatibility default `afterindent=bysign'
(scrbook)           for `\subsubsection on input line 5755.
\scr@dte@paragraph@maxnumwidth=\skip58
Class scrbook Info: using compatibility default `runin=bysign'
(scrbook)           for `\paragraph on input line 5766.
Class scrbook Info: using compatibility default `afterindent=bysign'
(scrbook)           for `\paragraph on input line 5766.
\scr@dte@subparagraph@maxnumwidth=\skip59
Class scrbook Info: using compatibility default `runin=bysign'
(scrbook)           for `\subparagraph on input line 5776.
Class scrbook Info: using compatibility default `afterindent=bysign'
(scrbook)           for `\subparagraph on input line 5776.
\abovecaptionskip=\skip60
\belowcaptionskip=\skip61
\c@pti@nb@sid@b@x=\box51
Package tocbasic Info: babel extension for `lof' omitted
(tocbasic)             because of missing \bbl@set@language on input line 6962.
\scr@dte@figure@maxnumwidth=\skip62
\c@figure=\count193
Package tocbasic Info: babel extension for `lot' omitted
(tocbasic)             because of missing \bbl@set@language on input line 6978.
\scr@dte@table@maxnumwidth=\skip63
\c@table=\count194
Class scrbook Info: Redefining `\numberline' on input line 7146.
\bibindent=\dimen138
) (C:\Users\marti\AppData\Local\Programs\MiKTeX\tex/latex/amsfonts\amsfonts.sty
Package: amsfonts 2013/01/14 v3.01 Basic AMSFonts support
\@emptytoks=\toks17
\symAMSa=\mathgroup4
\symAMSb=\mathgroup5
LaTeX Font Info:    Redeclaring math symbol \hbar on input line 98.
LaTeX Font Info:    Overwriting math alphabet `\mathfrak' in version `bold'
(Font)                  U/euf/m/n --> U/euf/b/n on input line 106.
) (C:\Users\marti\AppData\Local\Programs\MiKTeX\tex/latex/amsmath\amsmath.sty
Package: amsmath 2021/10/15 v2.17l AMS math features
\@mathmargin=\skip64

For additional information on amsmath, use the `?' option.
(C:\Users\marti\AppData\Local\Programs\MiKTeX\tex/latex/amsmath\amstext.sty
Package: amstext 2021/08/26 v2.01 AMS text
 (C:\Users\marti\AppData\Local\Programs\MiKTeX\tex/latex/amsmath\amsgen.sty
File: amsgen.sty 1999/11/30 v2.0 generic functions
\@emptytoks=\toks18
\ex@=\dimen139
)) (C:\Users\marti\AppData\Local\Programs\MiKTeX\tex/latex/amsmath\amsbsy.sty
Package: amsbsy 1999/11/29 v1.2d Bold Symbols
\pmbraise@=\dimen140
) (C:\Users\marti\AppData\Local\Programs\MiKTeX\tex/latex/amsmath\amsopn.sty
Package: amsopn 2021/08/26 v2.02 operator names
)
\inf@bad=\count195
LaTeX Info: Redefining \frac on input line 234.
\uproot@=\count196
\leftroot@=\count197
LaTeX Info: Redefining \overline on input line 399.
\classnum@=\count198
\DOTSCASE@=\count199
LaTeX Info: Redefining \ldots on input line 496.
LaTeX Info: Redefining \dots on input line 499.
LaTeX Info: Redefining \cdots on input line 620.
\Mathstrutbox@=\box52
\strutbox@=\box53
\big@size=\dimen141
LaTeX Font Info:    Redeclaring font encoding OML on input line 743.
LaTeX Font Info:    Redeclaring font encoding OMS on input line 744.
\macc@depth=\count266
\c@MaxMatrixCols=\count267
\dotsspace@=\muskip16
\c@parentequation=\count268
\dspbrk@lvl=\count269
\tag@help=\toks19
\row@=\count270
\column@=\count271
\maxfields@=\count272
\andhelp@=\toks20
\eqnshift@=\dimen142
\alignsep@=\dimen143
\tagshift@=\dimen144
\tagwidth@=\dimen145
\totwidth@=\dimen146
\lineht@=\dimen147
\@envbody=\toks21
\multlinegap=\skip65
\multlinetaggap=\skip66
\mathdisplay@stack=\toks22
LaTeX Info: Redefining \[ on input line 2938.
LaTeX Info: Redefining \] on input line 2939.
) (C:\Users\marti\AppData\Local\Programs\MiKTeX\tex/latex/float\float.sty
Package: float 2001/11/08 v1.3d Float enhancements (AL)
\c@float@type=\count273
\float@exts=\toks23
\float@box=\box54
\@float@everytoks=\toks24
\@floatcapt=\box55
) (C:\Users\marti\AppData\Local\Programs\MiKTeX\tex/latex/geometry\geometry.sty
Package: geometry 2020/01/02 v5.9 Page Geometry
 (C:\Users\marti\AppData\Local\Programs\MiKTeX\tex/generic/iftex\ifvtex.sty
Package: ifvtex 2019/10/25 v1.7 ifvtex legacy package. Use iftex instead.
 (C:\Users\marti\AppData\Local\Programs\MiKTeX\tex/generic/iftex\iftex.sty
Package: iftex 2022/02/03 v1.0f TeX engine tests
))
\Gm@cnth=\count274
\Gm@cntv=\count275
\c@Gm@tempcnt=\count276
\Gm@bindingoffset=\dimen148
\Gm@wd@mp=\dimen149
\Gm@odd@mp=\dimen150
\Gm@even@mp=\dimen151
\Gm@layoutwidth=\dimen152
\Gm@layoutheight=\dimen153
\Gm@layouthoffset=\dimen154
\Gm@layoutvoffset=\dimen155
\Gm@dimlist=\toks25
 (C:\Users\marti\AppData\Local\Programs\MiKTeX\tex/latex/geometry\geometry.cfg)) (C:\Users\marti\AppData\Local\Programs\MiKTeX\tex/latex/csquotes\csquotes.sty
Package: csquotes 2021-02-22 v5.2l context-sensitive quotations (JAW)
 (C:\Users\marti\AppData\Local\Programs\MiKTeX\tex/latex/etoolbox\etoolbox.sty
Package: etoolbox 2020/10/05 v2.5k e-TeX tools for LaTeX (JAW)
\etb@tempcnta=\count277
)
\csq@reset=\count278
\csq@gtype=\count279
\csq@glevel=\count280
\csq@qlevel=\count281
\csq@maxlvl=\count282
\csq@tshold=\count283
\csq@ltx@everypar=\toks26
 (C:\Users\marti\AppData\Local\Programs\MiKTeX\tex/latex/csquotes\csquotes.def
File: csquotes.def 2021-02-22 v5.2l csquotes generic definitions (JAW)
)
Package csquotes Info: Trying to load configuration file 'csquotes.cfg'...
Package csquotes Info: ... configuration file loaded successfully.
 (C:\Users\marti\AppData\Local\Programs\MiKTeX\tex/latex/csquotes\csquotes.cfg
File: csquotes.cfg 
)) (C:\Users\marti\AppData\Local\Programs\MiKTeX\tex/latex/graphics\graphicx.sty
Package: graphicx 2021/09/16 v1.2d Enhanced LaTeX Graphics (DPC,SPQR)
 (C:\Users\marti\AppData\Local\Programs\MiKTeX\tex/latex/graphics\graphics.sty
Package: graphics 2021/03/04 v1.4d Standard LaTeX Graphics (DPC,SPQR)
 (C:\Users\marti\AppData\Local\Programs\MiKTeX\tex/latex/graphics\trig.sty
Package: trig 2021/08/11 v1.11 sin cos tan (DPC)
) (C:\Users\marti\AppData\Local\Programs\MiKTeX\tex/latex/graphics-cfg\graphics.cfg
File: graphics.cfg 2016/06/04 v1.11 sample graphics configuration
)
Package graphics Info: Driver file: pdftex.def on input line 107.
 (C:\Users\marti\AppData\Local\Programs\MiKTeX\tex/latex/graphics-def\pdftex.def
File: pdftex.def 2020/10/05 v1.2a Graphics/color driver for pdftex
))
\Gin@req@height=\dimen156
\Gin@req@width=\dimen157
)
Package csquotes Info: Checking for multilingual support...
Package csquotes Info: ... none found.
 (C:\Users\marti\AppData\Local\Programs\MiKTeX\tex/latex/l3backend\l3backend-pdftex.def
File: l3backend-pdftex.def 2022-02-07 L3 backend support: PDF output (pdfTeX)
\l__color_backend_stack_int=\count284
\l__pdf_internal_box=\box56
) (index.aux)
\openout1 = `index.aux'.

LaTeX Font Info:    Checking defaults for OML/cmm/m/it on input line 14.
LaTeX Font Info:    ... okay on input line 14.
LaTeX Font Info:    Checking defaults for OMS/cmsy/m/n on input line 14.
LaTeX Font Info:    ... okay on input line 14.
LaTeX Font Info:    Checking defaults for OT1/cmr/m/n on input line 14.
LaTeX Font Info:    ... okay on input line 14.
LaTeX Font Info:    Checking defaults for T1/cmr/m/n on input line 14.
LaTeX Font Info:    ... okay on input line 14.
LaTeX Font Info:    Checking defaults for TS1/cmr/m/n on input line 14.
LaTeX Font Info:    ... okay on input line 14.
LaTeX Font Info:    Checking defaults for OMX/cmex/m/n on input line 14.
LaTeX Font Info:    ... okay on input line 14.
LaTeX Font Info:    Checking defaults for U/cmr/m/n on input line 14.
LaTeX Font Info:    ... okay on input line 14.
Package scrbase Info: activating english \contentsname on input line 14.
Package scrbase Info: activating english \listfigurename on input line 14.
Package scrbase Info: activating english \listtablename on input line 14.

*geometry* driver: auto-detecting
*geometry* detected driver: pdftex
*geometry* verbose mode - [ preamble ] result:
* driver: pdftex
* paper: a4paper
* layout: <same size as paper>
* layoutoffset:(h,v)=(0.0pt,0.0pt)
* modes: twoside 
* h-part:(L,W,R)=(56.9055pt, 483.69684pt, 56.90553pt)
* v-part:(T,H,B)=(56.9055pt, 731.23582pt, 56.90552pt)
* \paperwidth=597.50787pt
* \paperheight=845.04684pt
* \textwidth=483.69684pt
* \textheight=731.23582pt
* \oddsidemargin=-15.36449pt
* \evensidemargin=-15.36446pt
* \topmargin=-52.7645pt
* \headheight=17.0pt
* \headsep=20.40001pt
* \topskip=11.0pt
* \footskip=47.6pt
* \marginparwidth=89.62619pt
* \marginparsep=12.8401pt
* \columnsep=10.0pt
* \skip\footins=10.0pt plus 4.0pt minus 2.0pt
* \hoffset=0.0pt
* \voffset=0.0pt
* \mag=1000
* \@twocolumnfalse
* \@twosidetrue
* \@mparswitchtrue
* \@reversemarginfalse
* (1in=72.27pt=25.4mm, 1cm=28.453pt)

(C:\Users\marti\AppData\Local\Programs\MiKTeX\tex/context/base/mkii\supp-pdf.mkii
[Loading MPS to PDF converter (version 2006.09.02).]
\scratchcounter=\count285
\scratchdimen=\dimen158
\scratchbox=\box57
\nofMPsegments=\count286
\nofMParguments=\count287
\everyMPshowfont=\toks27
\MPscratchCnt=\count288
\MPscratchDim=\dimen159
\MPnumerator=\count289
\makeMPintoPDFobject=\count290
\everyMPtoPDFconversion=\toks28
) (C:\Users\marti\AppData\Local\Programs\MiKTeX\tex/latex/epstopdf-pkg\epstopdf-base.sty
Package: epstopdf-base 2020-01-24 v2.11 Base part for package epstopdf
Package epstopdf-base Info: Redefining graphics rule for `.eps' on input line 485.
 (C:\Users\marti\AppData\Local\Programs\MiKTeX\tex/latex/00miktex\epstopdf-sys.cfg
File: epstopdf-sys.cfg 2021/03/18 v2.0 Configuration of epstopdf for MiKTeX
))
LaTeX Font Info:    Trying to load font information for U+msa on input line 18.
 (C:\Users\marti\AppData\Local\Programs\MiKTeX\tex/latex/amsfonts\umsa.fd
File: umsa.fd 2013/01/14 v3.01 AMS symbols A
)
LaTeX Font Info:    Trying to load font information for U+msb on input line 18.
 (C:\Users\marti\AppData\Local\Programs\MiKTeX\tex/latex/amsfonts\umsb.fd
File: umsb.fd 2013/01/14 v3.01 AMS symbols B
) [1



{C:/Users/marti/AppData/Local/MiKTeX/fonts/map/pdftex/pdftex.map}] [2


] (index.toc [3])
\tf@toc=\write3
\openout3 = `index.toc'.

 (topics/themenkorb_1.tex [4]
chapter 1.

Class scrbook Warning: \float@addtolists detected!
(scrbook)              Implementation of \float@addtolist became
(scrbook)              deprecated in KOMA-Script v3.01 2008/11/14 and
(scrbook)              has been replaced by several more flexible
(scrbook)              features of package `tocbasic`.
(scrbook)              Since Version 3.12 support for deprecated
(scrbook)              \float@addtolist interface has been
(scrbook)              restricted to only some of the KOMA-Script
(scrbook)              features and been removed from others.
(scrbook)              Loading of package `scrhack' may help to
(scrbook)              avoid this warning, if you are using a
(scrbook)              a package that still implements the
(scrbook)              deprecated \float@addtolist interface.

) (topics/themenkorb_2/index.tex [5


] [6


]
chapter 2.
(topics/themenkorb_2/sql.tex
<res/themekorb_2/group_by.png, id=26, 264.23718pt x 45.16875pt>
File: res/themekorb_2/group_by.png Graphic file (type png)
<use res/themekorb_2/group_by.png>
Package pdftex.def Info: res/themekorb_2/group_by.png  used on input line 27.
(pdftex.def)             Requested size: 264.23653pt x 45.16862pt.
<res/themekorb_2/having.png, id=28, 258.9675pt x 59.47218pt>
File: res/themekorb_2/having.png Graphic file (type png)
<use res/themekorb_2/having.png>
Package pdftex.def Info: res/themekorb_2/having.png  used on input line 39.
(pdftex.def)             Requested size: 258.96684pt x 59.47203pt.
 [7 <./res/themekorb_2/group_by.png> <./res/themekorb_2/having.png>]
<res/themekorb_2/format.png, id=37, 270.25969pt x 339.51843pt>
File: res/themekorb_2/format.png Graphic file (type png)
<use res/themekorb_2/format.png>
Package pdftex.def Info: res/themekorb_2/format.png  used on input line 97.
(pdftex.def)             Requested size: 270.25902pt x 339.5176pt.
 [8]
<res/themekorb_2/joins_inner_join.png, id=42, 199.49532pt x 125.71968pt>
File: res/themekorb_2/joins_inner_join.png Graphic file (type png)
<use res/themekorb_2/joins_inner_join.png>
Package pdftex.def Info: res/themekorb_2/joins_inner_join.png  used on input line 123.
(pdftex.def)             Requested size: 199.49481pt x 125.71936pt.
 [9 <./res/themekorb_2/format.png>]
<res/themekorb_2/joins_right_outer_join.png, id=47, 166.37157pt x 122.70844pt>
File: res/themekorb_2/joins_right_outer_join.png Graphic file (type png)
<use res/themekorb_2/joins_right_outer_join.png>
Package pdftex.def Info: res/themekorb_2/joins_right_outer_join.png  used on input line 131.
(pdftex.def)             Requested size: 166.37114pt x 122.70813pt.
<res/themekorb_2/joins_right_outer_join_example.png, id=48, 855.195pt x 297.11pt>
File: res/themekorb_2/joins_right_outer_join_example.png Graphic file (type png)
<use res/themekorb_2/joins_right_outer_join_example.png>
Package pdftex.def Info: res/themekorb_2/joins_right_outer_join_example.png  used on input line 137.
(pdftex.def)             Requested size: 384.8342pt x 133.69826pt.
<res/themekorb_2/joins_left_outer_join.png, id=49, 173.14688pt x 127.22531pt>
File: res/themekorb_2/joins_left_outer_join.png Graphic file (type png)
<use res/themekorb_2/joins_left_outer_join.png>
Package pdftex.def Info: res/themekorb_2/joins_left_outer_join.png  used on input line 147.
(pdftex.def)             Requested size: 173.14645pt x 127.22499pt.
<res/themekorb_2/joins_left_outer_join_example.png, id=50, 821.0675pt x 297.11pt>
File: res/themekorb_2/joins_left_outer_join_example.png Graphic file (type png)
<use res/themekorb_2/joins_left_outer_join_example.png>
Package pdftex.def Info: res/themekorb_2/joins_left_outer_join_example.png  used on input line 153.
(pdftex.def)             Requested size: 369.47696pt x 133.69826pt.
 [10 <./res/themekorb_2/joins_inner_join.png> <./res/themekorb_2/joins_right_outer_join.png> <./res/themekorb_2/joins_right_outer_join_example.png> <./res/themekorb_2/joins_left_outer_join.png>]
<res/themekorb_2/joins_full_outer_join.png, id=58, 169.38281pt x 123.46124pt>
File: res/themekorb_2/joins_full_outer_join.png Graphic file (type png)
<use res/themekorb_2/joins_full_outer_join.png>
Package pdftex.def Info: res/themekorb_2/joins_full_outer_join.png  used on input line 163.
(pdftex.def)             Requested size: 169.38239pt x 123.46092pt.
<res/themekorb_2/joins_full_outer_join_example.png, id=59, 855.195pt x 260.975pt>
File: res/themekorb_2/joins_full_outer_join_example.png Graphic file (type png)
<use res/themekorb_2/joins_full_outer_join_example.png>
Package pdftex.def Info: res/themekorb_2/joins_full_outer_join_example.png  used on input line 169.
(pdftex.def)             Requested size: 384.8342pt x 117.43767pt.
<res/themekorb_2/cross_join.png, id=60, 770.88pt x 297.11pt>
File: res/themekorb_2/cross_join.png Graphic file (type png)
<use res/themekorb_2/cross_join.png>
Package pdftex.def Info: res/themekorb_2/cross_join.png  used on input line 180.
(pdftex.def)             Requested size: 308.34654pt x 118.84189pt.
 [11 <./res/themekorb_2/joins_left_outer_join_example.png> <./res/themekorb_2/joins_full_outer_join.png> <./res/themekorb_2/joins_full_outer_join_example.png> <./res/themekorb_2/cross_join.png>]
<res/themekorb_2/natural_join.png, id=68, 431.6125pt x 260.975pt>
File: res/themekorb_2/natural_join.png Graphic file (type png)
<use res/themekorb_2/natural_join.png>
Package pdftex.def Info: res/themekorb_2/natural_join.png  used on input line 199.
(pdftex.def)             Requested size: 172.64194pt x 104.38815pt.
<res/themekorb_2/subselect_multiple.png, id=69, 1007.765pt x 335.2525pt>
File: res/themekorb_2/subselect_multiple.png Graphic file (type png)
<use res/themekorb_2/subselect_multiple.png>
Package pdftex.def Info: res/themekorb_2/subselect_multiple.png  used on input line 220.
(pdftex.def)             Requested size: 403.09886pt x 134.09862pt.
 [12 <./res/themekorb_2/natural_join.png> <./res/themekorb_2/subselect_multiple.png>]
<res/themekorb_2/union.png, id=75, 415.5525pt x 335.2525pt>
File: res/themekorb_2/union.png Graphic file (type png)
<use res/themekorb_2/union.png>
Package pdftex.def Info: res/themekorb_2/union.png  used on input line 243.
(pdftex.def)             Requested size: 166.21805pt x 134.09862pt.
<res/themekorb_2/intersect.png, id=76, 415.5525pt x 335.2525pt>
File: res/themekorb_2/intersect.png Graphic file (type png)
<use res/themekorb_2/intersect.png>
Package pdftex.def Info: res/themekorb_2/intersect.png  used on input line 252.
(pdftex.def)             Requested size: 166.21805pt x 134.09862pt.
<res/themekorb_2/minus.png, id=77, 415.5525pt x 335.2525pt>
File: res/themekorb_2/minus.png Graphic file (type png)
<use res/themekorb_2/minus.png>
Package pdftex.def Info: res/themekorb_2/minus.png  used on input line 261.
(pdftex.def)             Requested size: 166.21805pt x 134.09862pt.
 [13 <./res/themekorb_2/union.png> <./res/themekorb_2/intersect.png> <./res/themekorb_2/minus.png>]
<res/themekorb_2/function_based.png, id=85, 618.31pt x 222.8325pt>
File: res/themekorb_2/function_based.png Graphic file (type png)
<use res/themekorb_2/function_based.png>
Package pdftex.def Info: res/themekorb_2/function_based.png  used on input line 289.
(pdftex.def)             Requested size: 247.31961pt x 89.13141pt.
<res/themekorb_2/create_index.png, id=86, 600.2425pt x 222.8325pt>
File: res/themekorb_2/create_index.png Graphic file (type png)
<use res/themekorb_2/create_index.png>
Package pdftex.def Info: res/themekorb_2/create_index.png  used on input line 299.
(pdftex.def)             Requested size: 240.09274pt x 89.13141pt.
<res/themekorb_2/drop_index.png, id=87, 600.2425pt x 186.6975pt>
File: res/themekorb_2/drop_index.png Graphic file (type png)
<use res/themekorb_2/drop_index.png>
Package pdftex.def Info: res/themekorb_2/drop_index.png  used on input line 304.
(pdftex.def)             Requested size: 240.09274pt x 74.67767pt.
 [14 <./res/themekorb_2/function_based.png> <./res/themekorb_2/create_index.png> <./res/themekorb_2/drop_index.png>]
<res/themekorb_2/hierarchical.png, id=94, 1278.7775pt x 373.395pt>
File: res/themekorb_2/hierarchical.png Graphic file (type png)
<use res/themekorb_2/hierarchical.png>
Package pdftex.def Info: res/themekorb_2/hierarchical.png  used on input line 341.
(pdftex.def)             Requested size: 383.63622pt x 112.01936pt.
)) (topics/themenkorb_3/index.tex [15 <./res/themekorb_2/hierarchical.png>] [16


]
chapter 3.
<res/themenkorb_3/pk.png, id=102, 1057.9525pt x 373.395pt>
File: res/themenkorb_3/pk.png Graphic file (type png)
<use res/themenkorb_3/pk.png>
Package pdftex.def Info: res/themenkorb_3/pk.png  used on input line 27.
(pdftex.def)             Requested size: 317.3882pt x 112.01936pt.
<res/themenkorb_3/fk.png, id=103, 786.94pt x 409.53pt>
File: res/themenkorb_3/fk.png Graphic file (type png)
<use res/themenkorb_3/fk.png>
Package pdftex.def Info: res/themenkorb_3/fk.png  used on input line 35.
(pdftex.def)             Requested size: 236.08382pt x 122.85994pt.
<res/themenkorb_3/check.png, id=104, 905.3825pt x 373.395pt>
File: res/themenkorb_3/check.png Graphic file (type png)
<use res/themenkorb_3/check.png>
Package pdftex.def Info: res/themenkorb_3/check.png  used on input line 41.
(pdftex.def)             Requested size: 271.61684pt x 112.01936pt.
[17 <./res/themenkorb_3/pk.png> <./res/themenkorb_3/fk.png>]
<res/themenkorb_3/alter_constraint.png, id=110, 839.135pt x 260.975pt>
File: res/themenkorb_3/alter_constraint.png Graphic file (type png)
<use res/themenkorb_3/alter_constraint.png>
Package pdftex.def Info: res/themenkorb_3/alter_constraint.png  used on input line 54.
(pdftex.def)             Requested size: 251.74243pt x 78.29309pt.
<res/themenkorb_3/add_col.png, id=111, 499.8675pt x 222.8325pt>
File: res/themenkorb_3/add_col.png Graphic file (type png)
<use res/themenkorb_3/add_col.png>
Package pdftex.def Info: res/themenkorb_3/add_col.png  used on input line 59.
(pdftex.def)             Requested size: 149.9614pt x 66.85027pt.
<res/themenkorb_3/rename_col.png, id=112, 839.135pt x 222.8325pt>
File: res/themenkorb_3/rename_col.png Graphic file (type png)
<use res/themenkorb_3/rename_col.png>
Package pdftex.def Info: res/themenkorb_3/rename_col.png  used on input line 63.
(pdftex.def)             Requested size: 251.74243pt x 66.85027pt.
<res/themenkorb_3/update_data_type.png, id=113, 634.37pt x 222.8325pt>
File: res/themenkorb_3/update_data_type.png Graphic file (type png)
<use res/themenkorb_3/update_data_type.png>
Package pdftex.def Info: res/themenkorb_3/update_data_type.png  used on input line 67.
(pdftex.def)             Requested size: 190.31245pt x 66.85027pt.
 [18 <./res/themenkorb_3/check.png> <./res/themenkorb_3/alter_constraint.png> <./res/themenkorb_3/add_col.png> <./res/themenkorb_3/rename_col.png> <./res/themenkorb_3/update_data_type.png>]
<res/themenkorb_3/create_sequence.png, id=122, 449.68pt x 335.2525pt>
File: res/themenkorb_3/create_sequence.png Graphic file (type png)
<use res/themenkorb_3/create_sequence.png>
Package pdftex.def Info: res/themenkorb_3/create_sequence.png  used on input line 88.
(pdftex.def)             Requested size: 134.90503pt x 100.57652pt.
<res/themenkorb_3/normalization_pic1.png, id=123, 376.40625pt x 97.86563pt>
File: res/themenkorb_3/normalization_pic1.png Graphic file (type png)
<use res/themenkorb_3/normalization_pic1.png>
Package pdftex.def Info: res/themenkorb_3/normalization_pic1.png  used on input line 106.
(pdftex.def)             Requested size: 483.69684pt x 125.7708pt.
<res/themenkorb_3/normalization_pic2.png, id=124, 376.40625pt x 106.89937pt>
File: res/themenkorb_3/normalization_pic2.png Graphic file (type png)
<use res/themenkorb_3/normalization_pic2.png>
Package pdftex.def Info: res/themenkorb_3/normalization_pic2.png  used on input line 115.
(pdftex.def)             Requested size: 483.69684pt x 137.3804pt.
 [19 <./res/themenkorb_3/create_sequence.png> <./res/themenkorb_3/normalization_pic1.png>]
<res/themenkorb_3/normalization_pic3.png, id=131, 376.40625pt x 137.01187pt>
File: res/themenkorb_3/normalization_pic3.png Graphic file (type png)
<use res/themenkorb_3/normalization_pic3.png>
Package pdftex.def Info: res/themenkorb_3/normalization_pic3.png  used on input line 127.
(pdftex.def)             Requested size: 483.69684pt x 176.07913pt.
<res/themenkorb_3/normalization_pic6.png, id=132, 376.40625pt x 117.43875pt>
File: res/themenkorb_3/normalization_pic6.png Graphic file (type png)
<use res/themenkorb_3/normalization_pic6.png>
Package pdftex.def Info: res/themenkorb_3/normalization_pic6.png  used on input line 135.
(pdftex.def)             Requested size: 483.69684pt x 150.92496pt.
 [20 <./res/themenkorb_3/normalization_pic2.png> <./res/themenkorb_3/normalization_pic3.png> <./res/themenkorb_3/normalization_pic6.png>]
<res/themenkorb_3/zirkelbezug_1.jpg, id=139, 376.40625pt x 212.29312pt>
File: res/themenkorb_3/zirkelbezug_1.jpg Graphic file (type jpg)
<use res/themenkorb_3/zirkelbezug_1.jpg>
Package pdftex.def Info: res/themenkorb_3/zirkelbezug_1.jpg  used on input line 145.
(pdftex.def)             Requested size: 301.1254pt x 169.83472pt.
<res/themenkorb_3/zirkelbezug_2.jpg, id=140, 376.40625pt x 32.37094pt>
File: res/themenkorb_3/zirkelbezug_2.jpg Graphic file (type jpg)
<use res/themenkorb_3/zirkelbezug_2.jpg>
Package pdftex.def Info: res/themenkorb_3/zirkelbezug_2.jpg  used on input line 152.
(pdftex.def)             Requested size: 301.1254pt x 25.89677pt.
<res/themenkorb_3/normalization_pic4.png, id=141, 376.40625pt x 109.1578pt>
File: res/themenkorb_3/normalization_pic4.png Graphic file (type png)
<use res/themenkorb_3/normalization_pic4.png>
Package pdftex.def Info: res/themenkorb_3/normalization_pic4.png  used on input line 160.
(pdftex.def)             Requested size: 483.69684pt x 140.2828pt.
<res/themenkorb_3/normalization_pic7.png, id=142, 582.67688pt x 139.27031pt>
File: res/themenkorb_3/normalization_pic7.png Graphic file (type png)
<use res/themenkorb_3/normalization_pic7.png>
Package pdftex.def Info: res/themenkorb_3/normalization_pic7.png  used on input line 165.
(pdftex.def)             Requested size: 483.69684pt x 115.61557pt.
) (topics/themenkorb_4/index.tex [21 <./res/themenkorb_3/zirkelbezug_1.jpg> <./res/themenkorb_3/zirkelbezug_2.jpg> <./res/themenkorb_3/normalization_pic4.png> <./res/themenkorb_3/normalization_pic7.png>] [22


]
chapter 4.
<res/themenkorb_4/history_attribute.png, id=151, 1194.4625pt x 485.815pt>
File: res/themenkorb_4/history_attribute.png Graphic file (type png)
<use res/themenkorb_4/history_attribute.png>
Package pdftex.def Info: res/themenkorb_4/history_attribute.png  used on input line 31.
(pdftex.def)             Requested size: 483.69684pt x 196.73175pt.
[23 <./res/themenkorb_4/history_attribute.png>]
<res/themenkorb_4/history_1_n.png, id=156, 1397.22pt x 447.6725pt>
File: res/themenkorb_4/history_1_n.png Graphic file (type png)
<use res/themenkorb_4/history_1_n.png>
Package pdftex.def Info: res/themenkorb_4/history_1_n.png  used on input line 52.
(pdftex.def)             Requested size: 483.69684pt x 154.97998pt.
<res/themenkorb_4/history_n_m.png, id=157, 1328.965pt x 485.815pt>
File: res/themenkorb_4/history_n_m.png Graphic file (type png)
<use res/themenkorb_4/history_n_m.png>
Package pdftex.def Info: res/themenkorb_4/history_n_m.png  used on input line 69.
(pdftex.def)             Requested size: 483.69684pt x 176.82062pt.
 [24 <./res/themenkorb_4/history_1_n.png> <./res/themenkorb_4/history_n_m.png>]
<res/themenkorb_4/hierarchie_variante_2.jpg, id=163, 150.5625pt x 93.34875pt>
File: res/themenkorb_4/hierarchie_variante_2.jpg Graphic file (type jpg)
<use res/themenkorb_4/hierarchie_variante_2.jpg>
Package pdftex.def Info: res/themenkorb_4/hierarchie_variante_2.jpg  used on input line 101.
(pdftex.def)             Requested size: 150.56212pt x 93.34851pt.
<res/themenkorb_4/hierarchie_variante_4.jpg, id=164, 263.48438pt x 196.48407pt>
File: res/themenkorb_4/hierarchie_variante_4.jpg Graphic file (type jpg)
<use res/themenkorb_4/hierarchie_variante_4.jpg>
Package pdftex.def Info: res/themenkorb_4/hierarchie_variante_4.jpg  used on input line 115.
(pdftex.def)             Requested size: 210.78777pt x 157.18745pt.
 [25 <./res/themenkorb_4/hierarchie_variante_2.jpg>]) (topics/themenkorb_5/index.tex [26 <./res/themenkorb_4/hierarchie_variante_4.jpg>]
chapter 5.
(topics/themenkorb_5/transaktionen.tex [27


]
<res/themenkorb_5/lostupdate.png, id=175, 435.12563pt x 140.77594pt>
File: res/themenkorb_5/lostupdate.png Graphic file (type png)
<use res/themenkorb_5/lostupdate.png>
Package pdftex.def Info: res/themenkorb_5/lostupdate.png  used on input line 57.
(pdftex.def)             Requested size: 435.12456pt x 140.77557pt.
<res/themenkorb_5/dirtyread.png, id=176, 435.87843pt x 140.77594pt>
File: res/themenkorb_5/dirtyread.png Graphic file (type png)
<use res/themenkorb_5/dirtyread.png>
Package pdftex.def Info: res/themenkorb_5/dirtyread.png  used on input line 66.
(pdftex.def)             Requested size: 435.87737pt x 140.77557pt.
<res/themenkorb_5/nonrepeatableread.png, id=177, 438.8897pt x 192.72pt>
File: res/themenkorb_5/nonrepeatableread.png Graphic file (type png)
<use res/themenkorb_5/nonrepeatableread.png>
Package pdftex.def Info: res/themenkorb_5/nonrepeatableread.png  used on input line 75.
(pdftex.def)             Requested size: 438.88863pt x 192.71951pt.
 [28 <./res/themenkorb_5/lostupdate.png> <./res/themenkorb_5/dirtyread.png>]
<res/themenkorb_5/phantom.png, id=183, 447.92343pt x 137.7647pt>
File: res/themenkorb_5/phantom.png Graphic file (type png)
<use res/themenkorb_5/phantom.png>
Package pdftex.def Info: res/themenkorb_5/phantom.png  used on input line 83.
(pdftex.def)             Requested size: 447.92233pt x 137.76434pt.
 [29 <./res/themenkorb_5/nonrepeatableread.png> <./res/themenkorb_5/phantom.png>])) [30] (index.aux) ) 
Here is how much of TeX's memory you used:
 7055 strings out of 478582
 145969 string characters out of 2844344
 577405 words of memory out of 3000000
 25113 multiletter control sequences out of 15000+600000
 479335 words of font info for 66 fonts, out of 8000000 for 9000
 1141 hyphenation exceptions out of 8191
 108i,8n,106p,10681b,366s stack positions out of 10000i,1000n,20000p,200000b,80000s
 <C:\Users\marti\AppData\Local\MiKTeX\fonts/pk/ljfour/jknappen/ec/dpi600\tcrm1095.pk><C:/Users/marti/AppData/Local/Programs/MiKTeX/fonts/type1/public/amsfonts/cm/cmbx10.pfb><C:/Users/marti/AppData/Local/Programs/MiKTeX/fonts/type1/public/amsfonts/cm/cmmi10.pfb><C:/Users/marti/AppData/Local/Programs/MiKTeX/fonts/type1/public/amsfonts/cm/cmr10.pfb><C:/Users/marti/AppData/Local/Programs/MiKTeX/fonts/type1/public/amsfonts/cm/cmr12.pfb><C:/Users/marti/AppData/Local/Programs/MiKTeX/fonts/type1/public/amsfonts/cm/cmsl10.pfb><C:/Users/marti/AppData/Local/Programs/MiKTeX/fonts/type1/public/amsfonts/cm/cmssbx10.pfb><C:/Users/marti/AppData/Local/Programs/MiKTeX/fonts/type1/public/amsfonts/cm/cmsy10.pfb><C:/Users/marti/AppData/Local/Programs/MiKTeX/fonts/type1/public/amsfonts/cm/cmti10.pfb>
Output written on index.pdf (30 pages, 909016 bytes).
PDF statistics:
 231 PDF objects out of 1000 (max. 8388607)
 0 named destinations out of 1000 (max. 500000)
 226 words of extra memory for PDF output out of 10000 (max. 10000000)

